<?xml version="1.0" encoding="utf-8"?>
<!DOCTYPE document PUBLIC "+//IDN docutils.sourceforge.net//DTD Docutils Generic//EN//XML"
"http://docutils.sourceforge.net/docs/ref/docutils.dtd">
<!-- Generated by Docutils 0.8.1 -->
<document source="var/test-rst.11.image.rst">
  <figure>
    <reference refuri="target">
      <image uri="some-image" />
    </reference>
  </figure>
</document>
