<?xml version="1.0" encoding="utf-8"?>
<!DOCTYPE document PUBLIC "+//IDN docutils.sourceforge.net//DTD Docutils Generic//EN//XML"
"http://docutils.sourceforge.net/docs/ref/docutils.dtd">
<!-- Generated by Docutils 0.8.1 -->
<document source="var/test-rst.12.figure.rst">
  <figure>
    <reference refuri="document">
      <image uri="image.file" />
    </reference>
    <caption>caption</caption>
    <legend>
      <paragraph>legend</paragraph>
    </legend>
  </figure>
</document>
