<?xml version="1.0" encoding="utf-8"?>
<!DOCTYPE document PUBLIC "+//IDN docutils.sourceforge.net//DTD Docutils Generic//EN//XML"
"http://docutils.sourceforge.net/docs/ref/docutils.dtd">
<!-- Generated by Docutils 0.8.1 -->
<document ids="inline-markup" names="inline\ markup" source="var/test-rst.5.inline-4.rst" title="Inline Markup">
  <title>Inline Markup</title>
  <paragraph>Paragraphs contain text and may contain inline markup: 
  <emphasis>emphasis</emphasis>, 
  <strong>strong emphasis</strong>, 
  <literal>inline literals</literal>, standalone hyperlinks (
  <reference refuri="http://www.python.org">http://www.python.org</reference>), external hyperlinks (
  <reference name="Python" refuri="http://www.python.org/">Python</reference>), internal cross-references (
  <reference name="example" refid="example">example</reference>), external hyperlinks with embedded URIs (
  <reference name="Python web site" refuri="http://www.python.org">Python web site</reference>), footnote references (manually numbered 
  <footnote_reference ids="id1" refid="id6">1</footnote_reference>, anonymous auto-numbered 
  <footnote_reference auto="1" ids="id2" refid="id9">3</footnote_reference>, labeled auto-numbered 
  <footnote_reference auto="1" ids="id3" refid="label">2</footnote_reference>, or symbolic 
  <footnote_reference auto="*" ids="id4" refid="id10">*</footnote_reference>), citation references (
  <citation_reference ids="id5" refid="cit2002">CIT2002</citation_reference>), substitution references (
  <image alt="EXAMPLE" uri="images/biohazard.png" />), and 
  <target ids="inline-hyperlink-targets" names="inline\ hyperlink\ targets">inline hyperlink targets</target>(see 
  <reference name="Targets" refid="targets">Targets</reference>below for a reference back to here). Character-level inline markup is also possible (although exceedingly ugly!) in 
  <emphasis>re</emphasis>
  <literal>Structured</literal>
  <emphasis>Text</emphasis>.</paragraph>
  <paragraph>The default role for interpreted text is 
  <title_reference>Title Reference</title_reference>. Here are some explicit interpreted text roles: a PEP reference (
  <reference refuri="http://www.python.org/dev/peps/pep-0287">PEP 287</reference>); an RFC reference (
  <reference refuri="http://www.faqs.org/rfcs/rfc2822.html">RFC 2822</reference>); a 
  <subscript>subscript</subscript>; a 
  <superscript>superscript</superscript>; and explicit roles for 
  <emphasis>standard</emphasis>
  <strong>inline</strong>
  <literal>markup</literal>.</paragraph>
  <comment xml:space="preserve">
DO NOT RE-WRAP THE FOLLOWING PARAGRAPH!
</comment>
  <paragraph>Let's test wrapping and whitespace significance in inline literals: 
  <literal>This is an example of --inline-literal --text, --including some-- strangely--hyphenated-words. Adjust-the-width-of-your-browser-window to see how the text is wrapped. -- ---- -------- Now note the spacing between the words of this sentence (words should be grouped in pairs).</literal></paragraph>
  <paragraph>If the 
  <literal>--pep-references</literal>option was supplied, there should be a live link to PEP 258 here.</paragraph>
  <section ids="targets" names="targets">
    <title>Targets</title>
    <target ids="example" names="example" />
    <substitution_definition names="EXAMPLE">
      <image alt="EXAMPLE" uri="images/biohazard.png" />
    </substitution_definition>
    <target ids="python" names="python" refuri="http://www.python.org/" />
    <citation backrefs="id5" ids="cit2002" names="cit2002">
      <label>CIT2002</label>
      <paragraph>Citations are text-labeled footnotes. They may be rendered separately and differently from footnotes.</paragraph>
    </citation>
    <footnote backrefs="id1 id7" ids="id6" names="1">
      <label>1</label>
      <paragraph>A footnote contains body elements, consistently indented by at least 3 spaces.</paragraph>
      <paragraph>This is the footnote's second paragraph.</paragraph>
    </footnote>
    <footnote auto="1" backrefs="id3 id8" ids="label" names="label">
      <label>2</label>
      <paragraph>Footnotes may be numbered, either manually (as in 
      <footnote_reference ids="id7" refid="id6">1</footnote_reference>) or automatically using a "#"-prefixed label. This footnote has a label so it can be referred to from multiple places, both as a footnote reference (
      <footnote_reference auto="1" ids="id8" refid="label">2</footnote_reference>) and as a hyperlink reference (
      <reference name="label" refid="label">label</reference>).</paragraph>
    </footnote>
    <footnote auto="1" backrefs="id2" ids="id9" names="3">
      <label>3</label>
      <paragraph>This footnote is numbered automatically and anonymously using a label of "#" only.</paragraph>
    </footnote>
    <footnote auto="*" backrefs="id4" ids="id10">
      <label>*</label>
      <paragraph>Footnotes may also use symbols, specified with a "*" label.</paragraph>
    </footnote>
  </section>
</document>
