<?xml version="1.0" encoding="utf-8"?>
<!DOCTYPE document PUBLIC "+//IDN docutils.sourceforge.net//DTD Docutils Generic//EN//XML"
"http://docutils.sourceforge.net/docs/ref/docutils.dtd">
<!-- Generated by Docutils 0.8.1 -->
<document source="var/test-rst.5.inline-6.rst">
  <target refid="target" />
  <literal_block ids="target" names="target" xml:space="preserve">
<emphasis>literal</emphasis>

<reference anonymous="1" name="anon ref" refid="target">anon ref</reference>, 
<reference anonymous="1" name="anon ref" refuri="#test">anon ref</reference>
</literal_block>
  <target anonymous="1" ids="id1" refid="target" />
  <target anonymous="1" ids="id2" refuri="#test" />
</document>
