<?xml version="1.0" encoding="utf-8"?>
<!DOCTYPE document PUBLIC "+//IDN docutils.sourceforge.net//DTD Docutils Generic//EN//XML"
"http://docutils.sourceforge.net/docs/ref/docutils.dtd">
<!-- Generated by Docutils 0.8.1 -->
<document ids="zigzag" names="zigzag" source="var/test-rst.1.document-7.rst" title="Zigzag">
  <title>Zigzag</title>
  <enumerated_list enumtype="arabic" prefix="" suffix=".">
    <list_item>
      <paragraph>Something that has short turns or angles, like in movement or form.</paragraph>
    </list_item>
  </enumerated_list>
  <block_quote classes="epigraph">
    <line_block>
      <line>The fanatics going straight forward and openly, the politicians by the surer mode of zigzag.</line>
    </line_block>
    <attribution>Burke.</attribution>
  </block_quote>
  <enumerated_list enumtype="arabic" prefix="" start="2" suffix=".">
    <list_item>
      <paragraph>(Arch.) A molding running in a zigzag line; a chevron, or series of chevrons.</paragraph>
    </list_item>
    <list_item>
      <paragraph>(Fort.) See Boyau. 
      <footnote_reference auto="1" ids="id1" refid="id2">1</footnote_reference></paragraph>
    </list_item>
  </enumerated_list>
  <footnote auto="1" backrefs="id1" ids="id2" names="1">
    <label>1</label>
    <paragraph>
    <title_reference>Webster's Unabridged Dictionary</title_reference>(1913)</paragraph>
  </footnote>
</document>
